#
# There is insufficient memory for the Java Runtime Environment to continue.
# Native memory allocation (malloc) failed to allocate 1048576 bytes for AllocateHeap
# Possible reasons:
#   The system is out of physical RAM or swap space
#   The process is running with CompressedOops enabled, and the Java Heap may be blocking the growth of the native heap
# Possible solutions:
#   Reduce memory load on the system
#   Increase physical memory or swap space
#   Check if swap backing store is full
#   Decrease Java heap size (-Xmx/-Xms)
#   Decrease number of Java threads
#   Decrease Java thread stack sizes (-Xss)
#   Set larger code cache with -XX:ReservedCodeCacheSize=
#   JVM is running with Unscaled Compressed Oops mode in which the Java heap is
#     placed in the first 4GB address space. The Java Heap base address is the
#     maximum limit for the native heap growth. Please use -XX:HeapBaseMinAddress
#     to set the Java Heap base and to place the Java Heap above 4GB virtual address.
# This output file may be truncated or incomplete.
#
#  Out of Memory Error (memory/allocation.inline.hpp:61), pid=4600, tid=0x0000000000003d14
#
# JRE version:  (8.0_291-b10) (build )
# Java VM: Java HotSpot(TM) 64-Bit Server VM (25.291-b10 mixed mode windows-amd64 compressed oops)
# Failed to write core dump. Minidumps are not enabled by default on client versions of Windows
#

---------------  T H R E A D  ---------------

Current thread (0x0000022d4b1d2000):  JavaThread "Unknown thread" [_thread_in_vm, id=15636, stack(0x000000ab5bd00000,0x000000ab5be00000)]

Stack: [0x000000ab5bd00000,0x000000ab5be00000]
Native frames: (J=compiled Java code, j=interpreted, Vv=VM code, C=native code)
V  [jvm.dll+0x32ea19]
V  [jvm.dll+0x275462]
V  [jvm.dll+0x27610d]
V  [jvm.dll+0x26cb45]
V  [jvm.dll+0x509d]
V  [jvm.dll+0x3c9b4c]
V  [jvm.dll+0x3c5ec7]
V  [jvm.dll+0xfcaff]
V  [jvm.dll+0x209dfb]
V  [jvm.dll+0x238827]
V  [jvm.dll+0x1625b6]
C  [java.exe+0x2312]
C  [java.exe+0x15f54]
C  [KERNEL32.DLL+0x17034]
C  [ntdll.dll+0x52651]


---------------  P R O C E S S  ---------------

Java Threads: ( => current thread )

Other Threads:

=>0x0000022d4b1d2000 (exited) JavaThread "Unknown thread" [_thread_in_vm, id=15636, stack(0x000000ab5bd00000,0x000000ab5be00000)]

VM state:not at safepoint (normal execution)

VM Mutex/Monitor currently owned by a thread: None

heap address: 0x0000000082c00000, size: 2004 MB, Compressed Oops mode: 32-bit
Narrow klass base: 0x0000000000000000, Narrow klass shift: 3
Compressed class space size: 1073741824 Address: 0x0000000100000000

Heap:
 PSYoungGen      total 37888K, used 655K [0x00000000d6400000, 0x00000000d8e00000, 0x0000000100000000)
  eden space 32768K, 2% used [0x00000000d6400000,0x00000000d64a3d80,0x00000000d8400000)
  from space 5120K, 0% used [0x00000000d8900000,0x00000000d8900000,0x00000000d8e00000)
  to   space 5120K, 0% used [0x00000000d8400000,0x00000000d8400000,0x00000000d8900000)
 ParOldGen       total 86016K, used 0K [0x0000000082c00000, 0x0000000088000000, 0x00000000d6400000)
  object space 86016K, 0% used [0x0000000082c00000,0x0000000082c00000,0x0000000088000000)
 Metaspace       used 778K, capacity 4480K, committed 4480K, reserved 1056768K
  class space    used 76K, capacity 384K, committed 384K, reserved 1048576K

Card table byte_map: [0x0000022d5be00000,0x0000022d5c1f0000] byte_map_base: 0x0000022d5b9ea000

Marking Bits: (ParMarkBitMap*) 0x0000000064247fe0
 Begin Bits: [0x0000022d5c490000, 0x0000022d5e3e0000)
 End Bits:   [0x0000022d5e3e0000, 0x0000022d60330000)

Polling page: 0x0000022d4b140000

CodeCache: size=245760Kb used=328Kb max_used=328Kb free=245431Kb
 bounds [0x0000022d4ca40000, 0x0000022d4ccb0000, 0x0000022d5ba40000]
 total_blobs=58 nmethods=0 adapters=38
 compilation: enabled

Compilation events (0 events):
No events

GC Heap History (0 events):
No events

Deoptimization events (0 events):
No events

Classes redefined (0 events):
No events

Internal exceptions (0 events):
No events

Events (10 events):
Event: 0.054 loading class java/lang/Short
Event: 0.054 loading class java/lang/Short done
Event: 0.054 loading class java/lang/Integer
Event: 0.054 loading class java/lang/Integer done
Event: 0.054 loading class java/lang/Long
Event: 0.054 loading class java/lang/Long done
Event: 0.056 loading class java/lang/NullPointerException
Event: 0.056 loading class java/lang/NullPointerException done
Event: 0.056 loading class java/lang/ArithmeticException
Event: 0.057 loading class java/lang/ArithmeticException done


Dynamic libraries:
0x00007ff7b8e70000 - 0x00007ff7b8eb7000 	C:\Program Files\Java\jdk1.8.0_291\bin\java.exe
0x00007ffbcc770000 - 0x00007ffbcc965000 	C:\WINDOWS\SYSTEM32\ntdll.dll
0x00007ffbcaca0000 - 0x00007ffbcad5e000 	C:\WINDOWS\System32\KERNEL32.DLL
0x00007ffbc9ff0000 - 0x00007ffbca2b8000 	C:\WINDOWS\System32\KERNELBASE.dll
0x00007ffbcab90000 - 0x00007ffbcac3c000 	C:\WINDOWS\System32\ADVAPI32.dll
0x00007ffbcc690000 - 0x00007ffbcc72e000 	C:\WINDOWS\System32\msvcrt.dll
0x00007ffbcb1b0000 - 0x00007ffbcb24b000 	C:\WINDOWS\System32\sechost.dll
0x00007ffbcc3c0000 - 0x00007ffbcc4ea000 	C:\WINDOWS\System32\RPCRT4.dll
0x00007ffbcb250000 - 0x00007ffbcb3f1000 	C:\WINDOWS\System32\USER32.dll
0x00007ffbc9e80000 - 0x00007ffbc9ea2000 	C:\WINDOWS\System32\win32u.dll
0x00007ffbcae10000 - 0x00007ffbcae3b000 	C:\WINDOWS\System32\GDI32.dll
0x00007ffbc9eb0000 - 0x00007ffbc9fbd000 	C:\WINDOWS\System32\gdi32full.dll
0x00007ffbca320000 - 0x00007ffbca3bd000 	C:\WINDOWS\System32\msvcp_win.dll
0x00007ffbca570000 - 0x00007ffbca670000 	C:\WINDOWS\System32\ucrtbase.dll
0x00007ffbb4170000 - 0x00007ffbb440a000 	C:\WINDOWS\WinSxS\amd64_microsoft.windows.common-controls_6595b64144ccf1df_6.0.19041.1110_none_60b5254171f9507e\COMCTL32.dll
0x00007ffbcc390000 - 0x00007ffbcc3c0000 	C:\WINDOWS\System32\IMM32.DLL
0x00007ffbc3ef0000 - 0x00007ffbc3f05000 	C:\Program Files\Java\jdk1.8.0_291\jre\bin\vcruntime140.dll
0x00007ffbc37f0000 - 0x00007ffbc388b000 	C:\Program Files\Java\jdk1.8.0_291\jre\bin\msvcp140.dll
0x0000000063a60000 - 0x00000000642c0000 	C:\Program Files\Java\jdk1.8.0_291\jre\bin\server\jvm.dll
0x00007ffbcb620000 - 0x00007ffbcb628000 	C:\WINDOWS\System32\PSAPI.DLL
0x00007ffbc85b0000 - 0x00007ffbc85b9000 	C:\WINDOWS\SYSTEM32\WSOCK32.dll
0x00007ffbcb5b0000 - 0x00007ffbcb61b000 	C:\WINDOWS\System32\WS2_32.dll
0x00007ffbb2f00000 - 0x00007ffbb2f27000 	C:\WINDOWS\SYSTEM32\WINMM.dll
0x00007ffbba6a0000 - 0x00007ffbba6aa000 	C:\WINDOWS\SYSTEM32\VERSION.dll
0x00007ffbc8710000 - 0x00007ffbc8722000 	C:\WINDOWS\SYSTEM32\kernel.appcore.dll
0x00007ffbc4f20000 - 0x00007ffbc4f30000 	C:\Program Files\Java\jdk1.8.0_291\jre\bin\verify.dll
0x00007ffbc3ec0000 - 0x00007ffbc3eeb000 	C:\Program Files\Java\jdk1.8.0_291\jre\bin\java.dll
0x00007ffbc1ab0000 - 0x00007ffbc1ae0000 	C:\Program Files\Java\jdk1.8.0_291\jre\bin\instrument.dll
0x00007ffbc37a0000 - 0x00007ffbc37b8000 	C:\Program Files\Java\jdk1.8.0_291\jre\bin\zip.dll
0x00007ffbc83a0000 - 0x00007ffbc8584000 	C:\WINDOWS\SYSTEM32\dbghelp.dll
0x00007ffbca720000 - 0x00007ffbca7a2000 	C:\WINDOWS\System32\bcryptPrimitives.dll

VM Arguments:
jvm_args: -XX:TieredStopAtLevel=1 -Xverify:none -Dspring.output.ansi.enabled=always -javaagent:C:\Program Files\JetBrains\IntelliJ IDEA 2021.1.3\lib\idea_rt.jar=57200:C:\Program Files\JetBrains\IntelliJ IDEA 2021.1.3\bin -Dcom.sun.management.jmxremote -Dspring.jmx.enabled=true -Dspring.liveBeansView.mbeanDomain -Dspring.application.admin.enabled=true -Dfile.encoding=UTF-8 
java_command: com.practice.webglossary.WebGlossaryApplication
java_class_path (initial): C:\Program Files\Java\jdk1.8.0_291\jre\lib\charsets.jar;C:\Program Files\Java\jdk1.8.0_291\jre\lib\deploy.jar;C:\Program Files\Java\jdk1.8.0_291\jre\lib\ext\access-bridge-64.jar;C:\Program Files\Java\jdk1.8.0_291\jre\lib\ext\cldrdata.jar;C:\Program Files\Java\jdk1.8.0_291\jre\lib\ext\dnsns.jar;C:\Program Files\Java\jdk1.8.0_291\jre\lib\ext\jaccess.jar;C:\Program Files\Java\jdk1.8.0_291\jre\lib\ext\jfxrt.jar;C:\Program Files\Java\jdk1.8.0_291\jre\lib\ext\localedata.jar;C:\Program Files\Java\jdk1.8.0_291\jre\lib\ext\nashorn.jar;C:\Program Files\Java\jdk1.8.0_291\jre\lib\ext\sunec.jar;C:\Program Files\Java\jdk1.8.0_291\jre\lib\ext\sunjce_provider.jar;C:\Program Files\Java\jdk1.8.0_291\jre\lib\ext\sunmscapi.jar;C:\Program Files\Java\jdk1.8.0_291\jre\lib\ext\sunpkcs11.jar;C:\Program Files\Java\jdk1.8.0_291\jre\lib\ext\zipfs.jar;C:\Program Files\Java\jdk1.8.0_291\jre\lib\javaws.jar;C:\Program Files\Java\jdk1.8.0_291\jre\lib\jce.jar;C:\Program Files\Java\jdk1.8.0_291\jre\lib\jfr.jar;C:\Program Files\Java\jdk1.8.0_291\jre\lib\jfxswt.jar;C:\Program Files\Java\jdk1.8.0_291\jre\lib\jsse.jar;C:\Program Files\Java\jdk1.8.0_291\jre\lib\management-agent.jar;C:\Program Files\Java\jdk1.8.0_291\jre\lib\plugin.jar;C:\Program Files\Java\jdk1.8.0_291\jre\lib\resources.jar;C:\Program Files\Java\jdk1.8.0_291\jre\lib\rt.jar;D:\загрузки\web-glossary\target\classes;C:\Users\Lubov'\.m2\repository\org\springframework\boot\spring-boot-starter-thymeleaf\2.6.2\spring-boot-starter-thymeleaf-2.6.2.jar;C:\Users\Lubov'\.m2\repository\org\springframework\boot\spring-boot-starter\2.6.2\spring-boot-starter-2.6.2.jar;C:\Users\Lubov'\.m2\repository\org\springframework\boot\spring-boot-starter-logging\2.6.2\spring-boot-starter-logging-2.6.2.jar;C:\Users\Lubov'\.m2\repository\ch\qos\logback\logback-classic\1.2.9\logback-classic-1.2.9.jar;C:\Users\Lubov'\.m2\repository\ch\qos\logback\logback-core\1.2.9\logback-core-1.2.9.jar;C:\Users\Lubov'\.m2\repository\org\apache\logging\log4j
Launcher Type: SUN_STANDARD

Environment Variables:
JAVA_HOME=C:\Program Files\Java\jdk1.8.0_291
PATH=C:\Program Files (x86)\Common Files\Oracle\Java\javapath;C:\Program Files\apache-maven-3.8.1\bin;C:\WINDOWS\system32;C:\WINDOWS;C:\WINDOWS\System32\Wbem;C:\WINDOWS\System32\WindowsPowerShell\v1.0\;C:\WINDOWS\System32\OpenSSH\;C:\ProgramData\chocolatey\bin;C:\Program Files\Docker\Docker\resources\bin;C:\ProgramData\DockerDesktop\version-bin;C:\Users\Lubov'\AppData\Local\Microsoft\WindowsApps;C:\Users\Lubov'\AppData\Local\Programs\Microsoft VS Code\bin;C:\Program Files\Git\bin\;C:\Program Files\Git\cmd\;C:\Program Files\PostgreSQL\13\bin;C:\Users\Lubov'\AppData\Roaming\JetBrains\WebStorm2020.1\node\node-v12.13.1-win-x64;C:\Users\Lubov'\AppData\Local\Programs\Python\Python310\;
USERNAME=Lubov'
OS=Windows_NT
PROCESSOR_IDENTIFIER=Intel64 Family 6 Model 78 Stepping 3, GenuineIntel



---------------  S Y S T E M  ---------------

OS: Windows 10.0 , 64 bit Build 19041 (10.0.19041.1348)

CPU:total 4 (initial active 4) (2 cores per cpu, 2 threads per core) family 6 model 78 stepping 3, cmov, cx8, fxsr, mmx, sse, sse2, sse3, ssse3, sse4.1, sse4.2, popcnt, avx, avx2, aes, clmul, erms, 3dnowpref, lzcnt, ht, tsc, tscinvbit, bmi1, bmi2, adx

Memory: 4k page, physical 8205200k(684252k free), swap 16593808k(3340k free)

vm_info: Java HotSpot(TM) 64-Bit Server VM (25.291-b10) for windows-amd64 JRE (1.8.0_291-b10), built on Apr  9 2021 00:02:00 by "java_re" with MS VC++ 15.9 (VS2017)

time: Wed Jan 12 23:41:35 2022
timezone: RTZ 2 (зима)
elapsed time: 0.140371 seconds (0d 0h 0m 0s)

